#
# There is insufficient memory for the Java Runtime Environment to continue.
# Native memory allocation (malloc) failed to allocate 1048576 bytes for AllocateHeap
# Possible reasons:
#   The system is out of physical RAM or swap space
#   In 32 bit mode, the process size limit was hit
# Possible solutions:
#   Reduce memory load on the system
#   Increase physical memory or swap space
#   Check if swap backing store is full
#   Use 64 bit Java on a 64 bit OS
#   Decrease Java heap size (-Xmx/-Xms)
#   Decrease number of Java threads
#   Decrease Java thread stack sizes (-Xss)
#   Set larger code cache with -XX:ReservedCodeCacheSize=
# This output file may be truncated or incomplete.
#
#  Out of Memory Error (memory/allocation.inline.hpp:61), pid=4020, tid=6396
#
# JRE version:  (8.0_72-b15) (build )
# Java VM: Java HotSpot(TM) 64-Bit Server VM (25.72-b15 mixed mode windows-amd64 compressed oops)
# Failed to write core dump. Minidumps are not enabled by default on client versions of Windows
#

---------------  T H R E A D  ---------------

Current thread (0x00000000023ad800):  JavaThread "Unknown thread" [_thread_in_vm, id=6396, stack(0x0000000002280000,0x0000000002380000)]

Stack: [0x0000000002280000,0x0000000002380000]
[error occurred during error reporting (printing stack bounds), id 0xc0000005]

Native frames: (J=compiled Java code, j=interpreted, Vv=VM code, C=native code)


---------------  P R O C E S S  ---------------

Java Threads: ( => current thread )

Other Threads:

=>0x00000000023ad800 (exited) JavaThread "Unknown thread" [_thread_in_vm, id=6396, stack(0x0000000002280000,0x0000000002380000)]

VM state:not at safepoint (normal execution)

VM Mutex/Monitor currently owned by a thread: None

Heap:
 PSYoungGen      total 38400K, used 665K [0x00000000eab00000, 0x00000000ed580000, 0x0000000100000000)
  eden space 33280K, 2% used [0x00000000eab00000,0x00000000eaba6670,0x00000000ecb80000)
  from space 5120K, 0% used [0x00000000ed080000,0x00000000ed080000,0x00000000ed580000)
  to   space 5120K, 0% used [0x00000000ecb80000,0x00000000ecb80000,0x00000000ed080000)
 ParOldGen       total 87552K, used 0K [0x00000000c0000000, 0x00000000c5580000, 0x00000000eab00000)
  object space 87552K, 0% used [0x00000000c0000000,0x00000000c0000000,0x00000000c5580000)
 Metaspace       used 769K, capacity 4480K, committed 4480K, reserved 1056768K
  class space    used 75K, capacity 384K, committed 384K, reserved 1048576K

Card table byte_map: [0x0000000011870000,0x0000000011a80000] byte_map_base: 0x0000000011270000

Marking Bits: (ParMarkBitMap*) 0x000000006b6d0600
 Begin Bits: [0x00000000123e0000, 0x00000000133e0000)
 End Bits:   [0x00000000133e0000, 0x00000000143e0000)

Polling page: 0x0000000000ab0000

CodeCache: size=245760Kb used=328Kb max_used=328Kb free=245431Kb
 bounds [0x00000000024b0000, 0x0000000002720000, 0x00000000114b0000]
 total_blobs=58 nmethods=0 adapters=38
 compilation: enabled

Compilation events (0 events):
No events

GC Heap History (0 events):
No events

Deoptimization events (0 events):
No events

Internal exceptions (0 events):
No events

Events (10 events):
Event: 0.059 loading class java/lang/Short
Event: 0.059 loading class java/lang/Short done
Event: 0.059 loading class java/lang/Integer
Event: 0.059 loading class java/lang/Integer done
Event: 0.059 loading class java/lang/Long
Event: 0.060 loading class java/lang/Long done
Event: 0.060 loading class java/lang/NullPointerException
Event: 0.060 loading class java/lang/NullPointerException done
Event: 0.060 loading class java/lang/ArithmeticException
Event: 0.060 loading class java/lang/ArithmeticException done


Dynamic libraries:
0x00007ff654dd0000 - 0x00007ff654e07000 	C:\Program Files\Java\jdk1.8.0_72\bin\java.exe
0x00007ffbdef20000 - 0x00007ffbdf0cc000 	C:\WINDOWS\SYSTEM32\ntdll.dll
0x00007ffbde2e0000 - 0x00007ffbde41e000 	C:\WINDOWS\system32\KERNEL32.DLL
0x00007ffbdc380000 - 0x00007ffbdc495000 	C:\WINDOWS\system32\KERNELBASE.dll
0x00007ffbdac10000 - 0x00007ffbdac9e000 	C:\WINDOWS\system32\apphelp.dll
0x00007ffbb9850000 - 0x00007ffbb98a3000 	C:\WINDOWS\AppPatch\AppPatch64\AcGenral.DLL
0x00007ffbdddd0000 - 0x00007ffbdde7a000 	C:\WINDOWS\system32\msvcrt.dll
0x00007ffbdbea0000 - 0x00007ffbdbece000 	C:\WINDOWS\SYSTEM32\SspiCli.dll
0x00007ffbddd10000 - 0x00007ffbddd64000 	C:\WINDOWS\system32\SHLWAPI.dll
0x00007ffbde790000 - 0x00007ffbde907000 	C:\WINDOWS\system32\USER32.dll
0x00007ffbdec50000 - 0x00007ffbdede4000 	C:\WINDOWS\system32\ole32.dll
0x00007ffbdc7e0000 - 0x00007ffbddd0b000 	C:\WINDOWS\system32\SHELL32.dll
0x00007ffbdb610000 - 0x00007ffbdb631000 	C:\WINDOWS\SYSTEM32\USERENV.dll
0x00007ffbdde80000 - 0x00007ffbddf2a000 	C:\WINDOWS\system32\ADVAPI32.dll
0x00007ffbcea20000 - 0x00007ffbcea3e000 	C:\WINDOWS\SYSTEM32\MPR.dll
0x00007ffbde180000 - 0x00007ffbde2c1000 	C:\WINDOWS\system32\RPCRT4.dll
0x00007ffbdeb20000 - 0x00007ffbdeb79000 	C:\WINDOWS\SYSTEM32\sechost.dll
0x00007ffbde570000 - 0x00007ffbde781000 	C:\WINDOWS\SYSTEM32\combase.dll
0x00007ffbde420000 - 0x00007ffbde56f000 	C:\WINDOWS\system32\GDI32.dll
0x00007ffbdc070000 - 0x00007ffbdc085000 	C:\WINDOWS\SYSTEM32\profapi.dll
0x00007ffbda1c0000 - 0x00007ffbda272000 	C:\WINDOWS\SYSTEM32\SHCORE.dll
0x00007ffbddd70000 - 0x00007ffbddda6000 	C:\WINDOWS\system32\IMM32.DLL
0x00007ffbdc5b0000 - 0x00007ffbdc702000 	C:\WINDOWS\system32\MSCTF.dll
0x00007ffbd9be0000 - 0x00007ffbd9e5b000 	C:\WINDOWS\WinSxS\amd64_microsoft.windows.common-controls_6595b64144ccf1df_6.0.9600.18006_none_623f33d3ecbe86e8\COMCTL32.dll
0x000000006a650000 - 0x000000006a722000 	C:\Program Files\Java\jdk1.8.0_72\jre\bin\msvcr100.dll
0x000000006aec0000 - 0x000000006b750000 	C:\Program Files\Java\jdk1.8.0_72\jre\bin\server\jvm.dll
0x00007ffbd3a70000 - 0x00007ffbd3a79000 	C:\WINDOWS\SYSTEM32\WSOCK32.dll
0x00007ffbd96c0000 - 0x00007ffbd96e2000 	C:\WINDOWS\SYSTEM32\WINMM.dll
0x00007ffbd9e60000 - 0x00007ffbd9e6a000 	C:\WINDOWS\SYSTEM32\VERSION.dll
0x00007ffbdedf0000 - 0x00007ffbdedf7000 	C:\WINDOWS\system32\PSAPI.DLL
0x00007ffbdeac0000 - 0x00007ffbdeb1a000 	C:\WINDOWS\system32\WS2_32.dll
0x00007ffbd9650000 - 0x00007ffbd967a000 	C:\WINDOWS\SYSTEM32\WINMMBASE.dll
0x00007ffbdc710000 - 0x00007ffbdc719000 	C:\WINDOWS\system32\NSI.dll
0x00007ffbdc550000 - 0x00007ffbdc59f000 	C:\WINDOWS\SYSTEM32\cfgmgr32.dll
0x00007ffbdae70000 - 0x00007ffbdae98000 	C:\WINDOWS\SYSTEM32\DEVOBJ.dll
0x000000006c610000 - 0x000000006c61f000 	C:\Program Files\Java\jdk1.8.0_72\jre\bin\verify.dll
0x000000006ae90000 - 0x000000006aeb9000 	C:\Program Files\Java\jdk1.8.0_72\jre\bin\java.dll
0x000000006ae70000 - 0x000000006ae86000 	C:\Program Files\Java\jdk1.8.0_72\jre\bin\zip.dll

VM Arguments:
jvm_args: -Djava.awt.headless=true -Xmx1024M -Dfile.encoding=windows-1252 -Duser.country=US -Duser.language=en -Duser.variant 
java_command: com.android.dx.command.Main --dex --num-threads=4 --output C:\Users\Brian\Downloads\Workshop6\ConversionFragments\app\build\intermediates\pre-dexed\debug\debug_74f704412144b284f587adbea454e01fc2d83e58.jar C:\Users\Brian\Downloads\Workshop6\ConversionFragments\app\build\intermediates\classes\debug
java_class_path (initial): C:\Program Files (x86)\Android\SDK\build-tools\23.0.2\lib\dx.jar
Launcher Type: SUN_STANDARD

Environment Variables:
JAVA_HOME=C:\Program Files\Java\jdk1.8.0_72
PATH=C:\ProgramData\Oracle\Java\javapath;C:\Program Files (x86)\Intel\iCLS Client\;C:\Program Files\Intel\iCLS Client\;C:\WINDOWS\system32;C:\WINDOWS;C:\WINDOWS\System32\Wbem;C:\WINDOWS\System32\WindowsPowerShell\v1.0\;C:\Program Files\Intel\Intel(R) Management Engine Components\DAL;C:\Program Files\Intel\Intel(R) Management Engine Components\IPT;C:\Program Files (x86)\Intel\Intel(R) Management Engine Components\DAL;C:\Program Files (x86)\Intel\Intel(R) Management Engine Components\IPT;C:\Program Files (x86)\Intel\OpenCL SDK\3.0\bin\x86;C:\Program Files (x86)\Intel\OpenCL SDK\3.0\bin\x64;c:\Program Files (x86)\Microsoft SQL Server\100\Tools\Binn\;c:\Program Files\Microsoft SQL Server\100\Tools\Binn\;c:\Program Files\Microsoft SQL Server\100\DTS\Binn\;C:\Program Files (x86)\WinSCP\;C:\Program Files (x86)\PharosSystems\Core;C:\Program Files (x86)\Android\SDK\platform-tools;C:\Compilers\GCL-2.6.7-CLtL1\bin;C:\Compilers\MinGW\bin;C:\Program Files\Microsoft\Web Platform Installer\;C:\Program Files (x86)\Microsoft ASP.NET\ASP.NET Web Pages\v1.0\;C:\Program Files\Microsoft SQL Server\110\Tools\Binn\;C:\Program Files (x86)\MySQL\MySQL Utilities\;C:\Program Files\nodejs\;C:\Program Files (x86)\Python;C:\Compilers\NDK-R9C;C:\Program Files (x86)\KDiff3;C:\Program Files\TortoiseSVN\bin;C:\Program Files (x86)\Windows Kits\8.1\Windows Performance Toolkit\;C:\Program Files (x86)\Microsoft SDKs\TypeScript\1.0\;C:\Program Files\Microsoft SQL Server\120\Tools\Binn\;C:\Program Files\Java\jdk1.8.0_60\bin;C:\Program Files (x86)\Windows Live\Shared;C:\Program Files (x86)\NVIDIA Corporation\PhysX\Common;C:\Program Files (x86)\QuickTime\QTSystem\;C:\Program Files (x86)\MiKTeX 2.9\miktex\bin\;C:\Program Files (x86)\Skype\Phone\;C:\Program Files (x86)\GtkSharp\2.12\bin;C:\Users\Brian\AppData\Roaming\npm
USERNAME=Brian
OS=Windows_NT
PROCESSOR_IDENTIFIER=Intel64 Family 6 Model 60 Stepping 3, GenuineIntel



---------------  S Y S T E M  ---------------

OS: Windows 8.1 , 64 bit Build 9600 (6.3.9600.17415)

CPU:total 8 (4 cores per cpu, 2 threads per core) family 6 model 60 stepping 3, cmov, cx8, fxsr, mmx, sse, sse2, sse3, ssse3, sse4.1, sse4.2, popcnt, avx, avx2, aes, clmul, erms, lzcnt, ht, tsc, tscinvbit, bmi1, bmi2

Memory: 4k page, physical 8298448k(932992k free), swap 9347024k(5516k free)

vm_info: Java HotSpot(TM) 64-Bit Server VM (25.72-b15) for windows-amd64 JRE (1.8.0_72-b15), built on Dec 22 2015 19:16:16 by "java_re" with MS VC++ 10.0 (VS2010)

time: Sun Mar 06 21:57:09 2016
elapsed time: 0 seconds (0d 0h 0m 0s)

